<?xml version="1.0" encoding="UTF-8"?>
<!-- Generated by org.testng.reporters.JUnitReportReporter -->
<testsuite hostname="DESKTOP-6QB07EQ" name="cricket_scorecard" tests="2" failures="0" timestamp="9 Aug 2018 04:28:17 GMT" time="8.955" errors="0">
  <testcase name="webtableSpecificRecords" time="2.475" classname="cricket_scorecard"/>
  <testcase name="webtableAllRecords" time="6.480" classname="cricket_scorecard"/>
</testsuite> <!-- cricket_scorecard -->
